2023-06-03 16:26:36,647 - INFO: Action: Sending command - Command: command
2023-06-03 16:26:37,551 - ERROR: No response from drone for command: command
2023-06-03 16:26:37,552 - INFO: Action: Initiating Drone at 192.168.10.1
2023-06-03 16:26:37,552 - INFO: Action: Sending command - Command: streamon
2023-06-03 16:26:38,455 - ERROR: No response from drone for command: streamon
2023-06-03 16:26:38,455 - INFO: Action: Turning Stream On at 192.168.10.1
2023-06-03 16:26:38,456 - INFO: Action: Sending command - Command: takeoff
2023-06-03 16:26:38,456 - INFO: Action: Receiving response - Response: b'ok'
2023-06-03 16:26:38,458 - INFO: Action: Receiving response - Response: b'ok'
2023-06-03 16:26:42,313 - INFO: Action: Receiving response - Response: b'ok'
2023-06-03 16:26:48,457 - INFO: Action: Sending command - Command: forward 50
2023-06-03 16:26:48,457 - INFO: Moving drone to forward by 50
2023-06-03 16:26:48,536 - INFO: Action: Receiving response - Response: b'error Auto land'
2023-06-03 16:26:53,458 - INFO: Action: Sending command - Command: right 50
2023-06-03 16:26:53,459 - INFO: Moving drone to right by 50
2023-06-03 16:26:53,543 - INFO: Action: Receiving response - Response: b'error Auto land'
2023-06-03 16:26:58,460 - INFO: Action: Sending command - Command: left 50
2023-06-03 16:26:58,460 - INFO: Moving drone to left by 50
2023-06-03 16:26:58,502 - INFO: Action: Receiving response - Response: b'error Auto land'
2023-06-03 16:27:03,461 - INFO: Action: Sending command - Command: back 50
2023-06-03 16:27:03,461 - INFO: Moving drone to back by 50
2023-06-03 16:27:03,504 - INFO: Action: Receiving response - Response: b'error Auto land'
2023-06-03 16:27:08,463 - INFO: Action: Sending command - Command: up 50
2023-06-03 16:27:08,463 - INFO: Moving drone to up by 50
2023-06-03 16:27:08,503 - INFO: Action: Receiving response - Response: b'error Motor stop'
2023-06-03 16:27:13,464 - INFO: Action: Sending command - Command: down 50
2023-06-03 16:27:13,464 - INFO: Moving drone to down by 50
2023-06-03 16:27:13,726 - INFO: Action: Receiving response - Response: b'error No valid imu'
2023-06-03 16:27:18,466 - INFO: Action: Sending command - Command: land
2023-06-03 16:27:18,473 - INFO: Action: Receiving response - Response: b'error'
2023-06-03 16:27:18,767 - INFO: Socket connection to drone at ('192.168.10.1', 8889) closed.
2023-06-03 16:27:18,770 - INFO: Socket connection to drone at ('192.168.10.1', 8889) closed.
