2023-06-03 15:39:44,140 - INFO: Action: Sending command - Command: command
2023-06-03 15:39:45,042 - ERROR: No response from drone for command: command
2023-06-03 15:39:45,043 - INFO: Action: Initiating Drone at 192.168.10.1
2023-06-03 15:39:45,044 - INFO: Action: Sending command - Command: streamon
2023-06-03 15:39:45,947 - ERROR: No response from drone for command: streamon
2023-06-03 15:39:45,947 - INFO: Action: Turning Stream On at 192.168.10.1
2023-06-03 15:39:45,948 - INFO: Action: Sending command - Command: takeoff
2023-06-03 15:39:45,948 - INFO: Action: Receiving response - Response: b'ok'
2023-06-03 15:39:45,948 - INFO: Action: Receiving response - Response: b'ok'
2023-06-03 15:39:52,387 - INFO: Action: Receiving response - Response: b'ok'
2023-06-03 15:39:55,949 - INFO: Action: Sending command - Command: forward 50
2023-06-03 15:39:55,949 - INFO: Moving drone to forward by 50
2023-06-03 15:39:57,989 - INFO: Action: Receiving response - Response: b'ok'
2023-06-03 15:40:00,951 - INFO: Action: Sending command - Command: right 50
2023-06-03 15:40:00,951 - INFO: Moving drone to right by 50
2023-06-03 15:40:03,097 - INFO: Action: Receiving response - Response: b'ok'
2023-06-03 15:40:05,952 - INFO: Action: Sending command - Command: left 50
2023-06-03 15:40:05,952 - INFO: Moving drone to left by 50
2023-06-03 15:40:08,395 - INFO: Action: Receiving response - Response: b'ok'
2023-06-03 15:40:10,953 - INFO: Action: Sending command - Command: back 50
2023-06-03 15:40:10,954 - INFO: Moving drone to back by 50
2023-06-03 15:40:13,702 - INFO: Action: Receiving response - Response: b'ok'
2023-06-03 15:40:15,955 - INFO: Action: Sending command - Command: up 50
2023-06-03 15:40:15,956 - INFO: Moving drone to up by 50
2023-06-03 15:40:18,394 - INFO: Action: Receiving response - Response: b'ok'
2023-06-03 15:40:20,957 - INFO: Action: Sending command - Command: down 50
2023-06-03 15:40:20,957 - INFO: Moving drone to down by 50
2023-06-03 15:40:23,442 - INFO: Action: Receiving response - Response: b'ok'
2023-06-03 15:40:25,958 - INFO: Action: Sending command - Command: land
2023-06-03 15:40:28,965 - WARNING: Could not stop the thread within the allocated time.
2023-06-03 15:40:28,966 - INFO: Socket connection to drone at ('192.168.10.1', 8889) closed.
2023-06-03 15:40:28,966 - ERROR: Action: Receiving response - Error: [WinError 10038] An operation was attempted on something that is not a socket
