2023-06-03 16:33:16,131 - INFO: Action: Sending command - Command: command
2023-06-03 16:33:17,033 - ERROR: No response from drone for command: command
2023-06-03 16:33:17,034 - INFO: Action: Initiating Drone at 192.168.10.1
2023-06-03 16:33:17,034 - INFO: Action: Sending command - Command: streamon
2023-06-03 16:33:17,936 - ERROR: No response from drone for command: streamon
2023-06-03 16:33:17,936 - INFO: Action: Turning Stream On at 192.168.10.1
2023-06-03 16:33:17,938 - INFO: Action: Sending command - Command: takeoff
2023-06-03 16:33:17,938 - INFO: Action: Receiving response - Response: b'ok'
2023-06-03 16:33:17,940 - INFO: Action: Receiving response - Response: b'ok'
2023-06-03 16:33:17,985 - INFO: Action: Receiving response - Response: b'error'
2023-06-03 16:33:27,939 - INFO: Action: Sending command - Command: forward 50
2023-06-03 16:33:27,939 - INFO: Moving drone to forward by 50
2023-06-03 16:33:27,985 - INFO: Action: Receiving response - Response: b'error Motor stop'
2023-06-03 16:33:32,940 - INFO: Action: Sending command - Command: right 50
2023-06-03 16:33:32,940 - INFO: Moving drone to right by 50
2023-06-03 16:33:32,990 - INFO: Action: Receiving response - Response: b'error Motor stop'
2023-06-03 16:33:37,941 - INFO: Action: Sending command - Command: left 50
2023-06-03 16:33:37,942 - INFO: Moving drone to left by 50
2023-06-03 16:33:37,994 - INFO: Action: Receiving response - Response: b'error Motor stop'
2023-06-03 16:33:42,944 - INFO: Action: Sending command - Command: back 50
2023-06-03 16:33:42,945 - INFO: Moving drone to back by 50
2023-06-03 16:33:43,008 - INFO: Action: Receiving response - Response: b'error Motor stop'
2023-06-03 16:33:47,947 - INFO: Action: Sending command - Command: up 50
2023-06-03 16:33:47,947 - INFO: Moving drone to up by 50
2023-06-03 16:33:48,008 - INFO: Action: Receiving response - Response: b'error Motor stop'
2023-06-03 16:33:52,949 - INFO: Action: Sending command - Command: down 50
2023-06-03 16:33:52,949 - INFO: Moving drone to down by 50
2023-06-03 16:33:53,011 - INFO: Action: Receiving response - Response: b'error Motor stop'
2023-06-03 16:33:57,950 - INFO: Action: Sending command - Command: land
2023-06-03 16:33:57,965 - INFO: Action: Receiving response - Response: b'error'
2023-06-03 16:33:58,252 - INFO: Socket connection to drone at ('192.168.10.1', 8889) closed.
2023-06-03 16:33:58,259 - INFO: Socket connection to drone at ('192.168.10.1', 8889) closed.
