2023-06-03 16:27:21,231 - INFO: Action: Sending command - Command: command
2023-06-03 16:27:22,132 - ERROR: No response from drone for command: command
2023-06-03 16:27:22,132 - INFO: Action: Initiating Drone at 192.168.10.1
2023-06-03 16:27:22,132 - INFO: Action: Sending command - Command: streamon
2023-06-03 16:27:23,035 - ERROR: No response from drone for command: streamon
2023-06-03 16:27:23,035 - INFO: Action: Turning Stream On at 192.168.10.1
2023-06-03 16:27:23,036 - INFO: Action: Sending command - Command: takeoff
2023-06-03 16:27:23,036 - INFO: Action: Receiving response - Response: b'ok'
2023-06-03 16:27:23,037 - INFO: Action: Receiving response - Response: b'ok'
2023-06-03 16:27:23,040 - INFO: Action: Receiving response - Response: b'error'
2023-06-03 16:27:33,038 - INFO: Action: Sending command - Command: forward 50
2023-06-03 16:27:33,038 - INFO: Moving drone to forward by 50
2023-06-03 16:27:33,093 - INFO: Action: Receiving response - Response: b'error Motor stop'
2023-06-03 16:27:38,039 - INFO: Action: Sending command - Command: right 50
2023-06-03 16:27:38,039 - INFO: Moving drone to right by 50
2023-06-03 16:27:38,092 - INFO: Action: Receiving response - Response: b'error Motor stop'
2023-06-03 16:27:43,040 - INFO: Action: Sending command - Command: left 50
2023-06-03 16:27:43,041 - INFO: Moving drone to left by 50
2023-06-03 16:27:43,089 - INFO: Action: Receiving response - Response: b'error Motor stop'
2023-06-03 16:27:48,042 - INFO: Action: Sending command - Command: back 50
2023-06-03 16:27:48,042 - INFO: Moving drone to back by 50
2023-06-03 16:27:48,088 - INFO: Action: Receiving response - Response: b'error Motor stop'
2023-06-03 16:27:53,043 - INFO: Action: Sending command - Command: up 50
2023-06-03 16:27:53,044 - INFO: Moving drone to up by 50
2023-06-03 16:27:53,088 - INFO: Action: Receiving response - Response: b'error Motor stop'
2023-06-03 16:27:58,046 - INFO: Action: Sending command - Command: down 50
2023-06-03 16:27:58,046 - INFO: Moving drone to down by 50
2023-06-03 16:27:58,139 - INFO: Action: Receiving response - Response: b'error Motor stop'
2023-06-03 16:28:03,047 - INFO: Action: Sending command - Command: land
2023-06-03 16:28:03,089 - INFO: Action: Receiving response - Response: b'error'
2023-06-03 16:28:03,349 - INFO: Socket connection to drone at ('192.168.10.1', 8889) closed.
2023-06-03 16:28:03,357 - INFO: Socket connection to drone at ('192.168.10.1', 8889) closed.
