2023-06-03 15:29:54,635 - INFO: Action: Sending command - Command: command
2023-06-03 15:29:55,537 - ERROR: No response from drone for command: command
2023-06-03 15:29:55,537 - INFO: Action: Initiating Drone at 192.168.10.1
2023-06-03 15:29:55,537 - INFO: Action: Sending command - Command: streamon
2023-06-03 15:29:56,439 - ERROR: No response from drone for command: streamon
2023-06-03 15:29:56,439 - INFO: Action: Turning Stream On at 192.168.10.1
2023-06-03 15:29:56,440 - INFO: Action: Receiving response - Response: b'ok'
2023-06-03 15:29:56,440 - INFO: Action: Sending command - Command: takeoff
2023-06-03 15:29:56,440 - INFO: Action: Receiving response - Response: b'ok'
2023-06-03 15:30:00,556 - INFO: Action: Receiving response - Response: b'ok'
2023-06-03 15:30:06,442 - INFO: Action: Sending command - Command: forward 50
2023-06-03 15:30:06,443 - INFO: Moving drone to forward by 50
2023-06-03 15:30:08,212 - INFO: Action: Receiving response - Response: b'ok'
2023-06-03 15:30:11,445 - INFO: Action: Sending command - Command: right 50
2023-06-03 15:30:11,445 - INFO: Moving drone to right by 50
2023-06-03 15:30:16,447 - INFO: Action: Sending command - Command: left 50
2023-06-03 15:30:16,448 - INFO: Moving drone to left by 50
2023-06-03 15:30:17,044 - INFO: Action: Receiving response - Response: b'error No valid imu'
2023-06-03 15:30:21,449 - INFO: Action: Sending command - Command: back 50
2023-06-03 15:30:21,450 - INFO: Moving drone to back by 50
2023-06-03 15:30:21,691 - INFO: Action: Receiving response - Response: b'error No valid imu'
2023-06-03 15:30:26,451 - INFO: Action: Sending command - Command: up 50
2023-06-03 15:30:26,452 - INFO: Moving drone to up by 50
2023-06-03 15:30:26,743 - INFO: Action: Receiving response - Response: b'error No valid imu'
2023-06-03 15:30:31,454 - INFO: Action: Sending command - Command: down 50
2023-06-03 15:30:31,454 - INFO: Moving drone to down by 50
2023-06-03 15:30:31,745 - INFO: Action: Receiving response - Response: b'error No valid imu'
2023-06-03 15:30:36,455 - INFO: Action: Sending command - Command: land
2023-06-03 15:30:36,483 - INFO: Action: Receiving response - Response: b'error'
2023-06-03 15:30:36,757 - INFO: Socket connection to drone at ('192.168.10.1', 8889) closed.
2023-06-03 15:30:36,764 - INFO: Socket connection to drone at ('192.168.10.1', 8889) closed.
