2023-06-03 15:31:37,724 - INFO: Action: Sending command - Command: command
2023-06-03 15:31:38,626 - ERROR: No response from drone for command: command
2023-06-03 15:31:38,626 - INFO: Action: Initiating Drone at 192.168.10.1
2023-06-03 15:31:38,627 - INFO: Action: Sending command - Command: streamon
2023-06-03 15:31:39,529 - ERROR: No response from drone for command: streamon
2023-06-03 15:31:39,530 - INFO: Action: Turning Stream On at 192.168.10.1
2023-06-03 15:31:39,532 - INFO: Action: Receiving response - Response: b'ok'
2023-06-03 15:31:39,532 - INFO: Action: Sending command - Command: takeoff
2023-06-03 15:31:39,533 - INFO: Action: Receiving response - Response: b'ok'
2023-06-03 15:31:44,136 - INFO: Action: Receiving response - Response: b'ok'
2023-06-03 15:31:49,535 - INFO: Action: Sending command - Command: forward 50
2023-06-03 15:31:49,536 - INFO: Moving drone to forward by 50
2023-06-03 15:31:50,512 - INFO: Action: Receiving response - Response: b'error No valid imu'
2023-06-03 15:31:54,538 - INFO: Action: Sending command - Command: right 50
2023-06-03 15:31:54,538 - INFO: Moving drone to right by 50
2023-06-03 15:31:56,889 - INFO: Action: Receiving response - Response: b'ok'
2023-06-03 15:31:59,539 - INFO: Action: Sending command - Command: left 50
2023-06-03 15:31:59,540 - INFO: Moving drone to left by 50
2023-06-03 15:32:01,497 - INFO: Action: Receiving response - Response: b'ok'
2023-06-03 15:32:04,541 - INFO: Action: Sending command - Command: back 50
2023-06-03 15:32:04,541 - INFO: Moving drone to back by 50
2023-06-03 15:32:06,863 - INFO: Action: Receiving response - Response: b'ok'
2023-06-03 15:32:09,542 - INFO: Action: Sending command - Command: up 50
2023-06-03 15:32:09,542 - INFO: Moving drone to up by 50
2023-06-03 15:32:11,583 - INFO: Action: Receiving response - Response: b'ok'
2023-06-03 15:32:14,543 - INFO: Action: Sending command - Command: down 50
2023-06-03 15:32:14,543 - INFO: Moving drone to down by 50
2023-06-03 15:32:16,892 - INFO: Action: Receiving response - Response: b'ok'
2023-06-03 15:32:19,544 - INFO: Action: Sending command - Command: land
2023-06-03 15:32:22,552 - WARNING: Could not stop the thread within the allocated time.
2023-06-03 15:32:22,553 - INFO: Socket connection to drone at ('192.168.10.1', 8889) closed.
2023-06-03 15:32:22,553 - ERROR: Action: Receiving response - Error: [WinError 10038] An operation was attempted on something that is not a socket
2023-06-03 15:32:22,559 - INFO: Socket connection to drone at ('192.168.10.1', 8889) closed.
