2023-06-03 15:24:12,183 - INFO: Action: Sending command - Command: command
2023-06-03 15:24:13,084 - ERROR: No response from drone for command: command
2023-06-03 15:24:13,084 - INFO: Action: Initiating Drone at 192.168.10.1
2023-06-03 15:24:13,084 - INFO: Action: Sending command - Command: streamon
2023-06-03 15:24:13,986 - ERROR: No response from drone for command: streamon
2023-06-03 15:24:13,986 - INFO: Action: Turning Stream On at 192.168.10.1
2023-06-03 15:24:13,987 - INFO: Action: Receiving response - Response: b'ok'
2023-06-03 15:24:13,987 - INFO: Action: Sending command - Command: takeoff
2023-06-03 15:24:13,988 - INFO: Action: Receiving response - Response: b'ok'
2023-06-03 15:24:22,645 - INFO: Action: Receiving response - Response: b'ok'
2023-06-03 15:24:23,988 - INFO: Action: Sending command - Command: forward 50
2023-06-03 15:24:23,989 - INFO: Moving drone to forward by 50
2023-06-03 15:24:26,066 - INFO: Action: Receiving response - Response: b'ok'
2023-06-03 15:24:28,991 - INFO: Action: Sending command - Command: right 50
2023-06-03 15:24:28,992 - INFO: Moving drone to right by 50
2023-06-03 15:24:33,993 - INFO: Action: Sending command - Command: left 50
2023-06-03 15:24:33,994 - INFO: Moving drone to left by 50
2023-06-03 15:24:37,567 - INFO: Action: Receiving response - Response: b'ok'
2023-06-03 15:24:38,996 - INFO: Action: Sending command - Command: back 50
2023-06-03 15:24:38,997 - INFO: Moving drone to back by 50
2023-06-03 15:24:43,998 - INFO: Action: Sending command - Command: up 50
2023-06-03 15:24:43,999 - INFO: Moving drone to up by 50
2023-06-03 15:24:44,055 - INFO: Action: Receiving response - Response: b'ok'
2023-06-03 15:24:48,999 - INFO: Action: Sending command - Command: down 50
2023-06-03 15:24:49,000 - INFO: Moving drone to down by 50
2023-06-03 15:24:51,155 - INFO: Action: Receiving response - Response: b'ok'
2023-06-03 15:24:54,002 - INFO: Action: Sending command - Command: land
2023-06-03 15:24:56,769 - INFO: Action: Receiving response - Response: b'ok'
2023-06-03 15:24:57,006 - WARNING: Could not stop the thread within the allocated time.
2023-06-03 15:24:57,007 - INFO: Socket connection to drone at ('192.168.10.1', 8889) closed.
2023-06-03 15:24:57,013 - INFO: Socket connection to drone at ('192.168.10.1', 8889) closed.
