2023-06-03 15:27:05,094 - INFO: Action: Sending command - Command: command
2023-06-03 15:27:05,997 - ERROR: No response from drone for command: command
2023-06-03 15:27:05,997 - INFO: Action: Initiating Drone at 192.168.10.1
2023-06-03 15:27:05,997 - INFO: Action: Sending command - Command: streamon
2023-06-03 15:27:06,899 - ERROR: No response from drone for command: streamon
2023-06-03 15:27:06,900 - INFO: Action: Turning Stream On at 192.168.10.1
2023-06-03 15:27:06,902 - INFO: Action: Receiving response - Response: b'ok'
2023-06-03 15:27:06,902 - INFO: Action: Sending command - Command: takeoff
2023-06-03 15:27:06,902 - INFO: Action: Receiving response - Response: b'ok'
2023-06-03 15:27:11,230 - INFO: Action: Receiving response - Response: b'ok'
2023-06-03 15:27:16,903 - INFO: Action: Sending command - Command: forward 50
2023-06-03 15:27:16,903 - INFO: Moving drone to forward by 50
2023-06-03 15:27:18,784 - INFO: Action: Receiving response - Response: b'ok'
2023-06-03 15:27:21,905 - INFO: Action: Sending command - Command: right 50
2023-06-03 15:27:21,905 - INFO: Moving drone to right by 50
2023-06-03 15:27:24,855 - INFO: Action: Receiving response - Response: b'ok'
2023-06-03 15:27:26,906 - INFO: Action: Sending command - Command: left 50
2023-06-03 15:27:26,907 - INFO: Moving drone to left by 50
2023-06-03 15:27:27,815 - INFO: Action: Receiving response - Response: b'error No valid imu'
2023-06-03 15:27:31,909 - INFO: Action: Sending command - Command: back 50
2023-06-03 15:27:31,909 - INFO: Moving drone to back by 50
2023-06-03 15:27:32,149 - INFO: Action: Receiving response - Response: b'error No valid imu'
2023-06-03 15:27:36,910 - INFO: Action: Sending command - Command: up 50
2023-06-03 15:27:36,911 - INFO: Moving drone to up by 50
2023-06-03 15:27:39,034 - INFO: Action: Receiving response - Response: b'ok'
2023-06-03 15:27:41,913 - INFO: Action: Sending command - Command: down 50
2023-06-03 15:27:41,914 - INFO: Moving drone to down by 50
2023-06-03 15:27:42,154 - INFO: Action: Receiving response - Response: b'error No valid imu'
2023-06-03 15:27:46,915 - INFO: Action: Sending command - Command: land
2023-06-03 15:27:49,920 - WARNING: Could not stop the thread within the allocated time.
2023-06-03 15:27:49,921 - INFO: Socket connection to drone at ('192.168.10.1', 8889) closed.
2023-06-03 15:27:49,922 - ERROR: Action: Receiving response - Error: [WinError 10038] An operation was attempted on something that is not a socket
2023-06-03 15:27:49,928 - INFO: Socket connection to drone at ('192.168.10.1', 8889) closed.
