2023-06-03 15:25:01,947 - INFO: Action: Sending command - Command: command
2023-06-03 15:25:02,849 - ERROR: No response from drone for command: command
2023-06-03 15:25:02,849 - INFO: Action: Initiating Drone at 192.168.10.1
2023-06-03 15:25:02,850 - INFO: Action: Sending command - Command: streamon
2023-06-03 15:25:03,752 - ERROR: No response from drone for command: streamon
2023-06-03 15:25:03,752 - INFO: Action: Turning Stream On at 192.168.10.1
2023-06-03 15:25:03,753 - INFO: Action: Sending command - Command: takeoff
2023-06-03 15:25:03,753 - INFO: Action: Receiving response - Response: b'ok'
2023-06-03 15:25:03,755 - INFO: Action: Receiving response - Response: b'ok'
2023-06-03 15:25:12,480 - INFO: Action: Receiving response - Response: b'ok'
2023-06-03 15:25:13,754 - INFO: Action: Sending command - Command: forward 50
2023-06-03 15:25:13,754 - INFO: Moving drone to forward by 50
2023-06-03 15:25:15,882 - INFO: Action: Receiving response - Response: b'ok'
2023-06-03 15:25:18,756 - INFO: Action: Sending command - Command: right 50
2023-06-03 15:25:18,756 - INFO: Moving drone to right by 50
2023-06-03 15:25:20,896 - INFO: Action: Receiving response - Response: b'ok'
2023-06-03 15:25:23,757 - INFO: Action: Sending command - Command: left 50
2023-06-03 15:25:23,757 - INFO: Moving drone to left by 50
2023-06-03 15:25:25,896 - INFO: Action: Receiving response - Response: b'ok'
2023-06-03 15:25:28,758 - INFO: Action: Sending command - Command: back 50
2023-06-03 15:25:28,758 - INFO: Moving drone to back by 50
2023-06-03 15:25:30,688 - INFO: Action: Receiving response - Response: b'ok'
2023-06-03 15:25:33,760 - INFO: Action: Sending command - Command: up 50
2023-06-03 15:25:33,761 - INFO: Moving drone to up by 50
2023-06-03 15:25:37,046 - INFO: Action: Receiving response - Response: b'ok'
2023-06-03 15:25:38,762 - INFO: Action: Sending command - Command: down 50
2023-06-03 15:25:38,763 - INFO: Moving drone to down by 50
2023-06-03 15:25:40,680 - INFO: Action: Receiving response - Response: b'ok'
2023-06-03 15:25:43,764 - INFO: Action: Sending command - Command: land
2023-06-03 15:25:46,151 - INFO: Action: Receiving response - Response: b'ok'
2023-06-03 15:25:46,170 - INFO: Socket connection to drone at ('192.168.10.1', 8889) closed.
2023-06-03 15:25:46,173 - INFO: Socket connection to drone at ('192.168.10.1', 8889) closed.
